2021-05-26 00:02:51.496  INFO 15632 --- [Thread-13] o.s.s.concurrent.ThreadPoolTaskExecutor  : Shutting down ExecutorService 'applicationTaskExecutor'
2021-05-26 00:02:51.536  INFO 15632 --- [Thread-13] j.LocalContainerEntityManagerFactoryBean : Closing JPA EntityManagerFactory for persistence unit 'default'
2021-05-26 00:02:51.552  INFO 15632 --- [Thread-13] com.zaxxer.hikari.HikariDataSource       : HikariPool-3 - Shutdown initiated...
2021-05-26 00:02:51.593  INFO 15632 --- [Thread-13] com.zaxxer.hikari.HikariDataSource       : HikariPool-3 - Shutdown completed.
2021-05-26 00:02:52.305  INFO 15632 --- [restartedMain] e.e.p.ZzPlateformePfa22021Application    : Starting ZzPlateformePfa22021Application using Java 11.0.2 on Maryouma with PID 15632 (C:\PFA2021\PFA2021\ZZPlateformePFA2_2021\target\classes started by asus in C:\PFA2021\PFA2021\ZZPlateformePFA2_2021)
2021-05-26 00:02:52.308  INFO 15632 --- [restartedMain] e.e.p.ZzPlateformePfa22021Application    : No active profile set, falling back to default profiles: default
2021-05-26 00:02:54.694  INFO 15632 --- [restartedMain] .s.d.r.c.RepositoryConfigurationDelegate : Bootstrapping Spring Data JPA repositories in DEFAULT mode.
2021-05-26 00:02:55.396  INFO 15632 --- [restartedMain] .s.d.r.c.RepositoryConfigurationDelegate : Finished Spring Data repository scanning in 699 ms. Found 14 JPA repository interfaces.
2021-05-26 00:02:55.909  INFO 15632 --- [restartedMain] trationDelegate$BeanPostProcessorChecker : Bean 'org.springframework.ws.config.annotation.DelegatingWsConfiguration' of type [org.springframework.ws.config.annotation.DelegatingWsConfiguration$$EnhancerBySpringCGLIB$$7fe32c5b] is not eligible for getting processed by all BeanPostProcessors (for example: not eligible for auto-proxying)
2021-05-26 00:02:55.934  INFO 15632 --- [restartedMain] .w.s.a.s.AnnotationActionEndpointMapping : Supporting [WS-Addressing August 2004, WS-Addressing 1.0]
2021-05-26 00:02:55.975  INFO 15632 --- [restartedMain] trationDelegate$BeanPostProcessorChecker : Bean 'org.springframework.security.access.expression.method.DefaultMethodSecurityExpressionHandler@27ecdfee' of type [org.springframework.security.access.expression.method.DefaultMethodSecurityExpressionHandler] is not eligible for getting processed by all BeanPostProcessors (for example: not eligible for auto-proxying)
2021-05-26 00:02:55.980  INFO 15632 --- [restartedMain] trationDelegate$BeanPostProcessorChecker : Bean 'methodSecurityMetadataSource' of type [org.springframework.security.access.method.DelegatingMethodSecurityMetadataSource] is not eligible for getting processed by all BeanPostProcessors (for example: not eligible for auto-proxying)
2021-05-26 00:02:56.274  INFO 15632 --- [restartedMain] o.s.b.w.embedded.tomcat.TomcatWebServer  : Tomcat initialized with port(s): 8080 (http)
2021-05-26 00:02:56.276  INFO 15632 --- [restartedMain] o.apache.catalina.core.StandardService   : Starting service [Tomcat]
2021-05-26 00:02:56.277  INFO 15632 --- [restartedMain] org.apache.catalina.core.StandardEngine  : Starting Servlet engine: [Apache Tomcat/9.0.45]
2021-05-26 00:02:57.544  INFO 15632 --- [restartedMain] o.a.c.c.C.[Tomcat].[localhost].[/]       : Initializing Spring embedded WebApplicationContext
2021-05-26 00:02:57.546  INFO 15632 --- [restartedMain] w.s.c.ServletWebServerApplicationContext : Root WebApplicationContext: initialization completed in 5214 ms
2021-05-26 00:02:57.713  WARN 15632 --- [restartedMain] JpaBaseConfiguration$JpaWebConfiguration : spring.jpa.open-in-view is enabled by default. Therefore, database queries may be performed during view rendering. Explicitly configure spring.jpa.open-in-view to disable this warning
2021-05-26 00:02:58.124  INFO 15632 --- [restartedMain] o.hibernate.jpa.internal.util.LogHelper  : HHH000204: Processing PersistenceUnitInfo [name: default]
2021-05-26 00:02:58.248  INFO 15632 --- [restartedMain] com.zaxxer.hikari.HikariDataSource       : HikariPool-4 - Starting...
2021-05-26 00:02:58.272  INFO 15632 --- [restartedMain] com.zaxxer.hikari.HikariDataSource       : HikariPool-4 - Start completed.
2021-05-26 00:02:58.275  INFO 15632 --- [restartedMain] org.hibernate.dialect.Dialect            : HHH000400: Using dialect: org.hibernate.dialect.MySQL5Dialect
2021-05-26 00:03:01.891  INFO 15632 --- [restartedMain] o.h.e.t.j.p.i.JtaPlatformInitiator       : HHH000490: Using JtaPlatform implementation: [org.hibernate.engine.transaction.jta.platform.internal.NoJtaPlatform]
2021-05-26 00:03:01.893  INFO 15632 --- [restartedMain] j.LocalContainerEntityManagerFactoryBean : Initialized JPA EntityManagerFactory for persistence unit 'default'
2021-05-26 00:03:02.956  INFO 15632 --- [restartedMain] o.s.b.d.a.OptionalLiveReloadServer       : LiveReload server is running on port 35729
2021-05-26 00:03:04.640  INFO 15632 --- [restartedMain] o.s.s.web.DefaultSecurityFilterChain     : Will secure any request with [org.springframework.security.web.context.request.async.WebAsyncManagerIntegrationFilter@91d9fcb, org.springframework.security.web.context.SecurityContextPersistenceFilter@4f331b40, org.springframework.security.web.header.HeaderWriterFilter@3a6fc84c, org.springframework.web.filter.CorsFilter@16e1afa6, org.springframework.security.web.authentication.logout.LogoutFilter@4671d129, edu.ensit.pfa2.security.jwt.JwtAuthTokenFilter@4979689d, org.springframework.security.web.savedrequest.RequestCacheAwareFilter@6020165a, org.springframework.security.web.servletapi.SecurityContextHolderAwareRequestFilter@24498fba, org.springframework.security.web.authentication.AnonymousAuthenticationFilter@2eae05dc, org.springframework.security.web.session.SessionManagementFilter@55bc11f1, org.springframework.security.web.access.ExceptionTranslationFilter@5b7e9844, org.springframework.security.web.access.intercept.FilterSecurityInterceptor@75778e8d]
2021-05-26 00:03:04.871  INFO 15632 --- [restartedMain] o.s.s.concurrent.ThreadPoolTaskExecutor  : Initializing ExecutorService 'applicationTaskExecutor'
2021-05-26 00:03:06.088  INFO 15632 --- [restartedMain] o.s.b.w.embedded.tomcat.TomcatWebServer  : Tomcat started on port(s): 8080 (http) with context path ''
2021-05-26 00:03:06.108  INFO 15632 --- [restartedMain] e.e.p.ZzPlateformePfa22021Application    : Started ZzPlateformePfa22021Application in 14.106 seconds (JVM running for 14866.133)
2021-05-26 00:03:06.123  INFO 15632 --- [restartedMain] .ConditionEvaluationDeltaLoggingListener : Condition evaluation unchanged
2021-05-26 00:03:50.707  INFO 15632 --- [http-nio-8080-exec-1] o.a.c.c.C.[Tomcat].[localhost].[/]       : Initializing Spring DispatcherServlet 'dispatcherServlet'
